[2025-12-01 17:11:20,446] [INFO] 日志已写入：./logs/smd_all/MambaTSAD_20251201_171120.log
[2025-12-01 17:11:20,447] [INFO] 参数配置：Namespace(processed_root='./dataset/SMD', log_dir='./logs/smd_all', win_size=100, train_stride=1, test_stride=5, batch_size=64, epochs=50, lr=0.001, weight_decay=0.0001, seed=42, no_amp=False)
[2025-12-01 17:11:20,615] [INFO] SMD 多机数据集构建完成：machines=['machine-1-1', 'machine-1-2', 'machine-1-3', 'machine-1-4', 'machine-1-5', 'machine-1-6', 'machine-1-7', 'machine-1-8', 'machine-2-1', 'machine-2-2', 'machine-2-3', 'machine-2-4', 'machine-2-5', 'machine-2-6', 'machine-2-7', 'machine-2-8', 'machine-2-9', 'machine-3-1', 'machine-3-10', 'machine-3-11', 'machine-3-2', 'machine-3-3', 'machine-3-4', 'machine-3-5', 'machine-3-6', 'machine-3-7', 'machine-3-8', 'machine-3-9'], input_dim=38, len(train)=705633, len(test)=141138
[2025-12-01 17:11:24,339] [INFO] 模型结构：
MambaTSAD(
  (encoder): Linear(in_features=38, out_features=128, bias=True)
  (level1): ModuleList(
    (0-1): 2 x LSSBlockTS(
      (global_layers): ModuleList(
        (0-1): 2 x BiMambaBlock(
          (norm): LayerNorm((128,), eps=1e-05, elementwise_affine=True)
          (mamba_fwd): Mamba(
            (in_proj): Linear(in_features=128, out_features=512, bias=False)
            (conv1d): Conv1d(256, 256, kernel_size=(4,), stride=(1,), padding=(3,), groups=256)
            (act): SiLU()
            (x_proj): Linear(in_features=256, out_features=40, bias=False)
            (dt_proj): Linear(in_features=8, out_features=256, bias=True)
            (out_proj): Linear(in_features=256, out_features=128, bias=False)
          )
          (mamba_bwd): Mamba(
            (in_proj): Linear(in_features=128, out_features=512, bias=False)
            (conv1d): Conv1d(256, 256, kernel_size=(4,), stride=(1,), padding=(3,), groups=256)
            (act): SiLU()
            (x_proj): Linear(in_features=256, out_features=40, bias=False)
            (dt_proj): Linear(in_features=8, out_features=256, bias=True)
            (out_proj): Linear(in_features=256, out_features=128, bias=False)
          )
          (ffn): Sequential(
            (0): LayerNorm((128,), eps=1e-05, elementwise_affine=True)
            (1): Linear(in_features=128, out_features=512, bias=True)
            (2): GELU(approximate='none')
            (3): Dropout(p=0.1, inplace=False)
            (4): Linear(in_features=512, out_features=128, bias=True)
          )
          (dropout): Dropout(p=0.1, inplace=False)
        )
      )
      (local_branches): ModuleList(
        (0): LocalConvBlock1D(
          (block): Sequential(
            (0): Conv1d(128, 128, kernel_size=(1,), stride=(1,))
            (1): InstanceNorm1d(128, eps=1e-05, momentum=0.1, affine=False, track_running_stats=False)
            (2): SiLU()
            (3): Conv1d(128, 128, kernel_size=(5,), stride=(1,), padding=(2,), groups=128)
            (4): InstanceNorm1d(128, eps=1e-05, momentum=0.1, affine=False, track_running_stats=False)
            (5): SiLU()
            (6): Conv1d(128, 128, kernel_size=(1,), stride=(1,))
          )
        )
        (1): LocalConvBlock1D(
          (block): Sequential(
            (0): Conv1d(128, 128, kernel_size=(1,), stride=(1,))
            (1): InstanceNorm1d(128, eps=1e-05, momentum=0.1, affine=False, track_running_stats=False)
            (2): SiLU()
            (3): Conv1d(128, 128, kernel_size=(7,), stride=(1,), padding=(3,), groups=128)
            (4): InstanceNorm1d(128, eps=1e-05, momentum=0.1, affine=False, track_running_stats=False)
            (5): SiLU()
            (6): Conv1d(128, 128, kernel_size=(1,), stride=(1,))
          )
        )
      )
      (proj): Linear(in_features=384, out_features=128, bias=True)
    )
  )
  (level2): ModuleList(
    (0-1): 2 x LSSBlockTS(
      (global_layers): ModuleList(
        (0-1): 2 x BiMambaBlock(
          (norm): LayerNorm((128,), eps=1e-05, elementwise_affine=True)
          (mamba_fwd): Mamba(
            (in_proj): Linear(in_features=128, out_features=512, bias=False)
            (conv1d): Conv1d(256, 256, kernel_size=(4,), stride=(1,), padding=(3,), groups=256)
            (act): SiLU()
            (x_proj): Linear(in_features=256, out_features=40, bias=False)
            (dt_proj): Linear(in_features=8, out_features=256, bias=True)
            (out_proj): Linear(in_features=256, out_features=128, bias=False)
          )
          (mamba_bwd): Mamba(
            (in_proj): Linear(in_features=128, out_features=512, bias=False)
            (conv1d): Conv1d(256, 256, kernel_size=(4,), stride=(1,), padding=(3,), groups=256)
            (act): SiLU()
            (x_proj): Linear(in_features=256, out_features=40, bias=False)
            (dt_proj): Linear(in_features=8, out_features=256, bias=True)
            (out_proj): Linear(in_features=256, out_features=128, bias=False)
          )
          (ffn): Sequential(
            (0): LayerNorm((128,), eps=1e-05, elementwise_affine=True)
            (1): Linear(in_features=128, out_features=512, bias=True)
            (2): GELU(approximate='none')
            (3): Dropout(p=0.1, inplace=False)
            (4): Linear(in_features=512, out_features=128, bias=True)
          )
          (dropout): Dropout(p=0.1, inplace=False)
        )
      )
      (local_branches): ModuleList(
        (0): LocalConvBlock1D(
          (block): Sequential(
            (0): Conv1d(128, 128, kernel_size=(1,), stride=(1,))
            (1): InstanceNorm1d(128, eps=1e-05, momentum=0.1, affine=False, track_running_stats=False)
            (2): SiLU()
            (3): Conv1d(128, 128, kernel_size=(5,), stride=(1,), padding=(2,), groups=128)
            (4): InstanceNorm1d(128, eps=1e-05, momentum=0.1, affine=False, track_running_stats=False)
            (5): SiLU()
            (6): Conv1d(128, 128, kernel_size=(1,), stride=(1,))
          )
        )
        (1): LocalConvBlock1D(
          (block): Sequential(
            (0): Conv1d(128, 128, kernel_size=(1,), stride=(1,))
            (1): InstanceNorm1d(128, eps=1e-05, momentum=0.1, affine=False, track_running_stats=False)
            (2): SiLU()
            (3): Conv1d(128, 128, kernel_size=(7,), stride=(1,), padding=(3,), groups=128)
            (4): InstanceNorm1d(128, eps=1e-05, momentum=0.1, affine=False, track_running_stats=False)
            (5): SiLU()
            (6): Conv1d(128, 128, kernel_size=(1,), stride=(1,))
          )
        )
      )
      (proj): Linear(in_features=384, out_features=128, bias=True)
    )
  )
  (level3): ModuleList(
    (0-1): 2 x LSSBlockTS(
      (global_layers): ModuleList(
        (0-1): 2 x BiMambaBlock(
          (norm): LayerNorm((128,), eps=1e-05, elementwise_affine=True)
          (mamba_fwd): Mamba(
            (in_proj): Linear(in_features=128, out_features=512, bias=False)
            (conv1d): Conv1d(256, 256, kernel_size=(4,), stride=(1,), padding=(3,), groups=256)
            (act): SiLU()
            (x_proj): Linear(in_features=256, out_features=40, bias=False)
            (dt_proj): Linear(in_features=8, out_features=256, bias=True)
            (out_proj): Linear(in_features=256, out_features=128, bias=False)
          )
          (mamba_bwd): Mamba(
            (in_proj): Linear(in_features=128, out_features=512, bias=False)
            (conv1d): Conv1d(256, 256, kernel_size=(4,), stride=(1,), padding=(3,), groups=256)
            (act): SiLU()
            (x_proj): Linear(in_features=256, out_features=40, bias=False)
            (dt_proj): Linear(in_features=8, out_features=256, bias=True)
            (out_proj): Linear(in_features=256, out_features=128, bias=False)
          )
          (ffn): Sequential(
            (0): LayerNorm((128,), eps=1e-05, elementwise_affine=True)
            (1): Linear(in_features=128, out_features=512, bias=True)
            (2): GELU(approximate='none')
            (3): Dropout(p=0.1, inplace=False)
            (4): Linear(in_features=512, out_features=128, bias=True)
          )
          (dropout): Dropout(p=0.1, inplace=False)
        )
      )
      (local_branches): ModuleList(
        (0): LocalConvBlock1D(
          (block): Sequential(
            (0): Conv1d(128, 128, kernel_size=(1,), stride=(1,))
            (1): InstanceNorm1d(128, eps=1e-05, momentum=0.1, affine=False, track_running_stats=False)
            (2): SiLU()
            (3): Conv1d(128, 128, kernel_size=(5,), stride=(1,), padding=(2,), groups=128)
            (4): InstanceNorm1d(128, eps=1e-05, momentum=0.1, affine=False, track_running_stats=False)
            (5): SiLU()
            (6): Conv1d(128, 128, kernel_size=(1,), stride=(1,))
          )
        )
        (1): LocalConvBlock1D(
          (block): Sequential(
            (0): Conv1d(128, 128, kernel_size=(1,), stride=(1,))
            (1): InstanceNorm1d(128, eps=1e-05, momentum=0.1, affine=False, track_running_stats=False)
            (2): SiLU()
            (3): Conv1d(128, 128, kernel_size=(7,), stride=(1,), padding=(3,), groups=128)
            (4): InstanceNorm1d(128, eps=1e-05, momentum=0.1, affine=False, track_running_stats=False)
            (5): SiLU()
            (6): Conv1d(128, 128, kernel_size=(1,), stride=(1,))
          )
        )
      )
      (proj): Linear(in_features=384, out_features=128, bias=True)
    )
  )
  (decoder): Linear(in_features=128, out_features=38, bias=True)
)
[2025-12-01 17:33:47,194] [INFO] [Epoch 1/50] train_loss=0.346808
[2025-12-01 17:35:31,089] [INFO] [Eval] F1=0.0798, P=0.0416, R=1.0000, AUC=0.7435, thr=0.000000
[2025-12-01 17:35:31,151] [INFO] 发现更优模型，已保存至 ./logs/smd_all/best_model.pt
[2025-12-01 17:35:31,410] [INFO] 已保存可视化图：./logs/smd_all/scores_epoch1.png
[2025-12-01 17:56:59,363] [INFO] [Epoch 2/50] train_loss=0.338501
[2025-12-01 17:58:42,540] [INFO] [Eval] F1=0.0798, P=0.0416, R=1.0000, AUC=0.7474, thr=0.000000
[2025-12-01 17:58:42,782] [INFO] 已保存可视化图：./logs/smd_all/scores_epoch2.png
[2025-12-01 18:20:06,716] [INFO] [Epoch 3/50] train_loss=nan
[2025-12-01 18:21:46,110] [INFO] [Eval] F1=0.0798, P=0.0416, R=1.0000, AUC=0.7443, thr=0.000000
[2025-12-01 18:21:46,352] [INFO] 已保存可视化图：./logs/smd_all/scores_epoch3.png
[2025-12-01 18:42:23,255] [INFO] [Epoch 4/50] train_loss=nan
[2025-12-01 18:44:00,851] [INFO] [Eval] F1=0.0798, P=0.0416, R=1.0000, AUC=0.7465, thr=0.000000
[2025-12-01 18:44:01,092] [INFO] 已保存可视化图：./logs/smd_all/scores_epoch4.png
[2025-12-01 19:04:39,638] [INFO] [Epoch 5/50] train_loss=0.334642
[2025-12-01 19:06:15,113] [INFO] [Eval] F1=0.0798, P=0.0416, R=1.0000, AUC=0.7422, thr=0.000000
[2025-12-01 19:06:15,357] [INFO] 已保存可视化图：./logs/smd_all/scores_epoch5.png
[2025-12-01 19:27:01,480] [INFO] [Epoch 6/50] train_loss=0.414494
[2025-12-01 19:28:40,862] [INFO] [Eval] F1=0.0798, P=0.0416, R=1.0000, AUC=0.7406, thr=0.000000
[2025-12-01 19:28:41,213] [INFO] 已保存可视化图：./logs/smd_all/scores_epoch6.png
[2025-12-01 19:58:27,505] [INFO] [Epoch 7/50] train_loss=nan
