[2025-12-01 20:53:46,501] [INFO] 日志已写入：./logs/smd_all/MambaTSAD_20251201_205346.log
[2025-12-01 20:53:46,503] [INFO] 参数配置：Namespace(processed_root='./dataset/SMD', log_dir='./logs/smd_all', win_size=100, train_stride=1, test_stride=5, batch_size=64, epochs=50, lr=0.001, weight_decay=0.0001, seed=42, no_amp=False)
[2025-12-01 20:53:46,680] [INFO] SMD 多机数据集构建完成：machines=['machine-1-1', 'machine-1-2', 'machine-1-3', 'machine-1-4', 'machine-1-5', 'machine-1-6', 'machine-1-7', 'machine-1-8', 'machine-2-1', 'machine-2-2', 'machine-2-3', 'machine-2-4', 'machine-2-5', 'machine-2-6', 'machine-2-7', 'machine-2-8', 'machine-2-9', 'machine-3-1', 'machine-3-10', 'machine-3-11', 'machine-3-2', 'machine-3-3', 'machine-3-4', 'machine-3-5', 'machine-3-6', 'machine-3-7', 'machine-3-8', 'machine-3-9'], input_dim=38, len(train)=705633, len(test)=141138
[2025-12-01 20:53:47,856] [INFO] ========== Epoch 1/50 ==========
[2025-12-01 21:09:36,646] [INFO] 本 epoch 平均训练损失: 0.361741
[2025-12-01 21:10:33,510] [INFO] [Eval] F1=0.0798, P=0.0416, R=1.0000, AUC=0.7491, thr=0.000000
[2025-12-01 21:10:33,606] [INFO] 发现更优模型，已保存至 ./logs/smd_all/best_model.pt
[2025-12-01 21:10:34,025] [INFO] 已保存可视化图：./logs/smd_all/scores_epoch1.png
[2025-12-01 21:10:34,025] [INFO] ========== Epoch 2/50 ==========
[2025-12-01 21:26:14,200] [INFO] 本 epoch 平均训练损失: 0.338111
[2025-12-01 21:27:10,400] [INFO] [Eval] F1=0.0798, P=0.0416, R=1.0000, AUC=0.7570, thr=0.000000
[2025-12-01 21:27:10,642] [INFO] 已保存可视化图：./logs/smd_all/scores_epoch2.png
[2025-12-01 21:27:10,642] [INFO] ========== Epoch 3/50 ==========
[2025-12-01 21:42:45,407] [INFO] 本 epoch 平均训练损失: 0.336154
[2025-12-01 21:43:41,650] [INFO] [Eval] F1=0.0798, P=0.0416, R=1.0000, AUC=0.7502, thr=0.000000
[2025-12-01 21:43:41,894] [INFO] 已保存可视化图：./logs/smd_all/scores_epoch3.png
[2025-12-01 21:43:41,894] [INFO] ========== Epoch 4/50 ==========
[2025-12-01 21:59:14,678] [INFO] 本 epoch 平均训练损失: 0.339628
[2025-12-01 22:00:11,089] [INFO] [Eval] F1=0.0798, P=0.0416, R=1.0000, AUC=0.7488, thr=0.000000
[2025-12-01 22:00:11,330] [INFO] 已保存可视化图：./logs/smd_all/scores_epoch4.png
[2025-12-01 22:00:11,330] [INFO] ========== Epoch 5/50 ==========
[2025-12-01 22:08:29,599] [WARNING] 遇到非有限 loss (NaN/Inf)，跳过该 batch
[2025-12-01 22:08:29,676] [WARNING] 遇到非有限 loss (NaN/Inf)，跳过该 batch
[2025-12-01 22:08:29,708] [WARNING] 遇到非有限 loss (NaN/Inf)，跳过该 batch
[2025-12-01 22:08:30,215] [WARNING] 遇到非有限 loss (NaN/Inf)，跳过该 batch
[2025-12-01 22:08:30,246] [WARNING] 遇到非有限 loss (NaN/Inf)，跳过该 batch
[2025-12-01 22:15:52,123] [INFO] 本 epoch 平均训练损失: 0.376796
