[2025-12-02 16:34:49,606] [INFO] 日志已写入：./logs/smd_all/MambaTSAD_20251202_163449.log
[2025-12-02 16:34:49,607] [INFO] 参数配置：Namespace(processed_root='./dataset/SMD', log_dir='./logs/smd_all', win_size=100, train_stride=1, test_stride=5, batch_size=64, epochs=50, lr=0.0005, weight_decay=0.0001, seed=42, no_amp=True, max_grad_norm=1.0, patience=8, no_point_adjust=False)
[2025-12-02 16:34:50,093] [INFO] SMD 多机数据集构建完成：machines=['machine-1-1', 'machine-1-2', 'machine-1-3', 'machine-1-4', 'machine-1-5', 'machine-1-6', 'machine-1-7', 'machine-1-8', 'machine-2-1', 'machine-2-2', 'machine-2-3', 'machine-2-4', 'machine-2-5', 'machine-2-6', 'machine-2-7', 'machine-2-8', 'machine-2-9', 'machine-3-1', 'machine-3-10', 'machine-3-11', 'machine-3-2', 'machine-3-3', 'machine-3-4', 'machine-3-5', 'machine-3-6', 'machine-3-7', 'machine-3-8', 'machine-3-9'], input_dim=38, len(train)=705633, len(test)=141138
[2025-12-02 16:34:50,355] [INFO] 模型结构：
MambaTSAD(
  (input_norm): LayerNorm((38,), eps=1e-05, elementwise_affine=True)
  (encoder): Linear(in_features=38, out_features=128, bias=True)
  (level1): ModuleList(
    (0-1): 2 x LSSBlockTS(
      (global_layers): ModuleList(
        (0-1): 2 x BiMambaBlock(
          (norm): LayerNorm((128,), eps=1e-05, elementwise_affine=True)
          (mamba_fwd): Mamba(
            (in_proj): Linear(in_features=128, out_features=512, bias=False)
            (conv1d): Conv1d(256, 256, kernel_size=(4,), stride=(1,), padding=(3,), groups=256)
            (act): SiLU()
            (x_proj): Linear(in_features=256, out_features=40, bias=False)
            (dt_proj): Linear(in_features=8, out_features=256, bias=True)
            (out_proj): Linear(in_features=256, out_features=128, bias=False)
          )
          (mamba_bwd): Mamba(
            (in_proj): Linear(in_features=128, out_features=512, bias=False)
            (conv1d): Conv1d(256, 256, kernel_size=(4,), stride=(1,), padding=(3,), groups=256)
            (act): SiLU()
            (x_proj): Linear(in_features=256, out_features=40, bias=False)
            (dt_proj): Linear(in_features=8, out_features=256, bias=True)
            (out_proj): Linear(in_features=256, out_features=128, bias=False)
          )
          (ffn): Sequential(
            (0): LayerNorm((128,), eps=1e-05, elementwise_affine=True)
            (1): Linear(in_features=128, out_features=512, bias=True)
            (2): GELU(approximate='none')
            (3): Dropout(p=0.1, inplace=False)
            (4): Linear(in_features=512, out_features=128, bias=True)
          )
          (dropout): Dropout(p=0.1, inplace=False)
        )
      )
      (local_branches): ModuleList(
        (0): LocalConvBlock1D(
          (block): Sequential(
            (0): Conv1d(128, 128, kernel_size=(1,), stride=(1,))
            (1): InstanceNorm1d(128, eps=1e-05, momentum=0.1, affine=False, track_running_stats=False)
            (2): SiLU()
            (3): Conv1d(128, 128, kernel_size=(5,), stride=(1,), padding=(2,), groups=128)
            (4): InstanceNorm1d(128, eps=1e-05, momentum=0.1, affine=False, track_running_stats=False)
            (5): SiLU()
            (6): Conv1d(128, 128, kernel_size=(1,), stride=(1,))
          )
        )
        (1): LocalConvBlock1D(
          (block): Sequential(
            (0): Conv1d(128, 128, kernel_size=(1,), stride=(1,))
            (1): InstanceNorm1d(128, eps=1e-05, momentum=0.1, affine=False, track_running_stats=False)
            (2): SiLU()
            (3): Conv1d(128, 128, kernel_size=(7,), stride=(1,), padding=(3,), groups=128)
            (4): InstanceNorm1d(128, eps=1e-05, momentum=0.1, affine=False, track_running_stats=False)
            (5): SiLU()
            (6): Conv1d(128, 128, kernel_size=(1,), stride=(1,))
          )
        )
      )
      (proj): Linear(in_features=384, out_features=128, bias=True)
    )
  )
  (level2): ModuleList(
    (0-1): 2 x LSSBlockTS(
      (global_layers): ModuleList(
        (0-1): 2 x BiMambaBlock(
          (norm): LayerNorm((128,), eps=1e-05, elementwise_affine=True)
          (mamba_fwd): Mamba(
            (in_proj): Linear(in_features=128, out_features=512, bias=False)
            (conv1d): Conv1d(256, 256, kernel_size=(4,), stride=(1,), padding=(3,), groups=256)
            (act): SiLU()
            (x_proj): Linear(in_features=256, out_features=40, bias=False)
            (dt_proj): Linear(in_features=8, out_features=256, bias=True)
            (out_proj): Linear(in_features=256, out_features=128, bias=False)
          )
          (mamba_bwd): Mamba(
            (in_proj): Linear(in_features=128, out_features=512, bias=False)
            (conv1d): Conv1d(256, 256, kernel_size=(4,), stride=(1,), padding=(3,), groups=256)
            (act): SiLU()
            (x_proj): Linear(in_features=256, out_features=40, bias=False)
            (dt_proj): Linear(in_features=8, out_features=256, bias=True)
            (out_proj): Linear(in_features=256, out_features=128, bias=False)
          )
          (ffn): Sequential(
            (0): LayerNorm((128,), eps=1e-05, elementwise_affine=True)
            (1): Linear(in_features=128, out_features=512, bias=True)
            (2): GELU(approximate='none')
            (3): Dropout(p=0.1, inplace=False)
            (4): Linear(in_features=512, out_features=128, bias=True)
          )
          (dropout): Dropout(p=0.1, inplace=False)
        )
      )
      (local_branches): ModuleList(
        (0): LocalConvBlock1D(
          (block): Sequential(
            (0): Conv1d(128, 128, kernel_size=(1,), stride=(1,))
            (1): InstanceNorm1d(128, eps=1e-05, momentum=0.1, affine=False, track_running_stats=False)
            (2): SiLU()
            (3): Conv1d(128, 128, kernel_size=(5,), stride=(1,), padding=(2,), groups=128)
            (4): InstanceNorm1d(128, eps=1e-05, momentum=0.1, affine=False, track_running_stats=False)
            (5): SiLU()
            (6): Conv1d(128, 128, kernel_size=(1,), stride=(1,))
          )
        )
        (1): LocalConvBlock1D(
          (block): Sequential(
            (0): Conv1d(128, 128, kernel_size=(1,), stride=(1,))
            (1): InstanceNorm1d(128, eps=1e-05, momentum=0.1, affine=False, track_running_stats=False)
            (2): SiLU()
            (3): Conv1d(128, 128, kernel_size=(7,), stride=(1,), padding=(3,), groups=128)
            (4): InstanceNorm1d(128, eps=1e-05, momentum=0.1, affine=False, track_running_stats=False)
            (5): SiLU()
            (6): Conv1d(128, 128, kernel_size=(1,), stride=(1,))
          )
        )
      )
      (proj): Linear(in_features=384, out_features=128, bias=True)
    )
  )
  (level3): ModuleList(
    (0-1): 2 x LSSBlockTS(
      (global_layers): ModuleList(
        (0-1): 2 x BiMambaBlock(
          (norm): LayerNorm((128,), eps=1e-05, elementwise_affine=True)
          (mamba_fwd): Mamba(
            (in_proj): Linear(in_features=128, out_features=512, bias=False)
            (conv1d): Conv1d(256, 256, kernel_size=(4,), stride=(1,), padding=(3,), groups=256)
            (act): SiLU()
            (x_proj): Linear(in_features=256, out_features=40, bias=False)
            (dt_proj): Linear(in_features=8, out_features=256, bias=True)
            (out_proj): Linear(in_features=256, out_features=128, bias=False)
          )
          (mamba_bwd): Mamba(
            (in_proj): Linear(in_features=128, out_features=512, bias=False)
            (conv1d): Conv1d(256, 256, kernel_size=(4,), stride=(1,), padding=(3,), groups=256)
            (act): SiLU()
            (x_proj): Linear(in_features=256, out_features=40, bias=False)
            (dt_proj): Linear(in_features=8, out_features=256, bias=True)
            (out_proj): Linear(in_features=256, out_features=128, bias=False)
          )
          (ffn): Sequential(
            (0): LayerNorm((128,), eps=1e-05, elementwise_affine=True)
            (1): Linear(in_features=128, out_features=512, bias=True)
            (2): GELU(approximate='none')
            (3): Dropout(p=0.1, inplace=False)
            (4): Linear(in_features=512, out_features=128, bias=True)
          )
          (dropout): Dropout(p=0.1, inplace=False)
        )
      )
      (local_branches): ModuleList(
        (0): LocalConvBlock1D(
          (block): Sequential(
            (0): Conv1d(128, 128, kernel_size=(1,), stride=(1,))
            (1): InstanceNorm1d(128, eps=1e-05, momentum=0.1, affine=False, track_running_stats=False)
            (2): SiLU()
            (3): Conv1d(128, 128, kernel_size=(5,), stride=(1,), padding=(2,), groups=128)
            (4): InstanceNorm1d(128, eps=1e-05, momentum=0.1, affine=False, track_running_stats=False)
            (5): SiLU()
            (6): Conv1d(128, 128, kernel_size=(1,), stride=(1,))
          )
        )
        (1): LocalConvBlock1D(
          (block): Sequential(
            (0): Conv1d(128, 128, kernel_size=(1,), stride=(1,))
            (1): InstanceNorm1d(128, eps=1e-05, momentum=0.1, affine=False, track_running_stats=False)
            (2): SiLU()
            (3): Conv1d(128, 128, kernel_size=(7,), stride=(1,), padding=(3,), groups=128)
            (4): InstanceNorm1d(128, eps=1e-05, momentum=0.1, affine=False, track_running_stats=False)
            (5): SiLU()
            (6): Conv1d(128, 128, kernel_size=(1,), stride=(1,))
          )
        )
      )
      (proj): Linear(in_features=384, out_features=128, bias=True)
    )
  )
  (decoder): Linear(in_features=128, out_features=38, bias=True)
)
[2025-12-02 16:34:50,356] [INFO] ========== Epoch 1/50 ==========
[2025-12-02 16:47:45,966] [INFO] 本 epoch 平均训练损失: 0.432351
[2025-12-02 16:51:12,946] [INFO] [Eval] F1=0.1865, P=0.9974, R=0.1029, AUC=0.7423, thr=156614.754079, point_adjust=True
[2025-12-02 16:51:13,004] [INFO] 发现更优模型，已保存至 ./logs/smd_all/best_model.pt
[2025-12-02 16:51:13,300] [INFO] 已保存可视化图：./logs/smd_all/scores_epoch1.png
[2025-12-02 16:51:13,300] [INFO] ========== Epoch 2/50 ==========
[2025-12-02 17:04:09,666] [INFO] 本 epoch 平均训练损失: 0.366833
[2025-12-02 17:07:36,908] [INFO] [Eval] F1=0.1865, P=0.9974, R=0.1029, AUC=0.7398, thr=156616.171177, point_adjust=True
[2025-12-02 17:07:37,176] [INFO] 已保存可视化图：./logs/smd_all/scores_epoch2.png
[2025-12-02 17:07:37,176] [INFO] ========== Epoch 3/50 ==========
[2025-12-02 17:20:34,083] [INFO] 本 epoch 平均训练损失: 0.356251
[2025-12-02 17:24:01,217] [INFO] [Eval] F1=0.1865, P=0.9974, R=0.1029, AUC=0.7413, thr=156610.962384, point_adjust=True
[2025-12-02 17:24:01,478] [INFO] 已保存可视化图：./logs/smd_all/scores_epoch3.png
[2025-12-02 17:24:01,478] [INFO] ========== Epoch 4/50 ==========
[2025-12-02 17:36:57,862] [INFO] 本 epoch 平均训练损失: 0.351736
[2025-12-02 17:40:24,993] [INFO] [Eval] F1=0.1865, P=0.9974, R=0.1029, AUC=0.7432, thr=156613.308061, point_adjust=True
[2025-12-02 17:40:25,258] [INFO] 已保存可视化图：./logs/smd_all/scores_epoch4.png
[2025-12-02 17:40:25,258] [INFO] ========== Epoch 5/50 ==========
[2025-12-02 17:53:22,239] [INFO] 本 epoch 平均训练损失: 0.349050
[2025-12-02 17:56:46,013] [INFO] [Eval] F1=0.1865, P=0.9974, R=0.1029, AUC=0.7422, thr=156613.738740, point_adjust=True
[2025-12-02 17:56:46,279] [INFO] 已保存可视化图：./logs/smd_all/scores_epoch5.png
[2025-12-02 17:56:46,279] [INFO] ========== Epoch 6/50 ==========
[2025-12-02 18:09:42,193] [INFO] 本 epoch 平均训练损失: 0.346651
[2025-12-02 18:13:06,002] [INFO] [Eval] F1=0.1865, P=0.9974, R=0.1029, AUC=0.7411, thr=156622.756424, point_adjust=True
[2025-12-02 18:13:06,266] [INFO] 已保存可视化图：./logs/smd_all/scores_epoch6.png
[2025-12-02 18:13:06,266] [INFO] ========== Epoch 7/50 ==========
[2025-12-02 18:26:01,860] [INFO] 本 epoch 平均训练损失: 0.344852
[2025-12-02 18:29:24,384] [INFO] [Eval] F1=0.1865, P=0.9974, R=0.1029, AUC=0.7355, thr=156621.663703, point_adjust=True
[2025-12-02 18:29:24,648] [INFO] 已保存可视化图：./logs/smd_all/scores_epoch7.png
[2025-12-02 18:29:24,648] [INFO] ========== Epoch 8/50 ==========
[2025-12-02 18:42:19,843] [INFO] 本 epoch 平均训练损失: 0.343721
[2025-12-02 18:45:41,044] [INFO] [Eval] F1=0.1865, P=0.9974, R=0.1029, AUC=0.7365, thr=156620.422472, point_adjust=True
[2025-12-02 18:45:41,313] [INFO] 已保存可视化图：./logs/smd_all/scores_epoch8.png
[2025-12-02 18:45:41,313] [INFO] ========== Epoch 9/50 ==========
