[2025-12-02 19:38:18,189] [INFO] 日志已写入：./logs/smd_all/MambaTSAD_20251202_193818.log
[2025-12-02 19:38:18,189] [INFO] 参数配置：Namespace(processed_root='./dataset/SMD', log_dir='./logs/smd_all', win_size=100, train_stride=1, test_stride=5, batch_size=64, epochs=50, lr=0.001, weight_decay=0.0001, seed=42, no_amp=True, max_grad_norm=1.0, patience=8, no_point_adjust=False)
[2025-12-02 19:38:18,352] [INFO] SMD 多机数据集构建完成：machines=['machine-1-1', 'machine-1-2', 'machine-1-3', 'machine-1-4', 'machine-1-5', 'machine-1-6', 'machine-1-7', 'machine-1-8', 'machine-2-1', 'machine-2-2', 'machine-2-3', 'machine-2-4', 'machine-2-5', 'machine-2-6', 'machine-2-7', 'machine-2-8', 'machine-2-9', 'machine-3-1', 'machine-3-10', 'machine-3-11', 'machine-3-2', 'machine-3-3', 'machine-3-4', 'machine-3-5', 'machine-3-6', 'machine-3-7', 'machine-3-8', 'machine-3-9'], input_dim=38, len(train)=705633, len(test)=141138
[2025-12-02 19:38:18,557] [INFO] 模型结构：
MambaTSAD(
  (input_norm): LayerNorm((38,), eps=1e-05, elementwise_affine=True)
  (encoder): Linear(in_features=38, out_features=128, bias=True)
  (level1): ModuleList(
    (0-1): 2 x LSSBlockTS(
      (global_layers): ModuleList(
        (0-1): 2 x BiMambaBlock(
          (norm): LayerNorm((128,), eps=1e-05, elementwise_affine=True)
          (mamba_fwd): Mamba(
            (in_proj): Linear(in_features=128, out_features=512, bias=False)
            (conv1d): Conv1d(256, 256, kernel_size=(4,), stride=(1,), padding=(3,), groups=256)
            (act): SiLU()
            (x_proj): Linear(in_features=256, out_features=40, bias=False)
            (dt_proj): Linear(in_features=8, out_features=256, bias=True)
            (out_proj): Linear(in_features=256, out_features=128, bias=False)
          )
          (mamba_bwd): Mamba(
            (in_proj): Linear(in_features=128, out_features=512, bias=False)
            (conv1d): Conv1d(256, 256, kernel_size=(4,), stride=(1,), padding=(3,), groups=256)
            (act): SiLU()
            (x_proj): Linear(in_features=256, out_features=40, bias=False)
            (dt_proj): Linear(in_features=8, out_features=256, bias=True)
            (out_proj): Linear(in_features=256, out_features=128, bias=False)
          )
          (ffn): Sequential(
            (0): LayerNorm((128,), eps=1e-05, elementwise_affine=True)
            (1): Linear(in_features=128, out_features=512, bias=True)
            (2): GELU(approximate='none')
            (3): Dropout(p=0.1, inplace=False)
            (4): Linear(in_features=512, out_features=128, bias=True)
          )
          (dropout): Dropout(p=0.1, inplace=False)
        )
      )
      (local_branches): ModuleList(
        (0): LocalConvBlock1D(
          (block): Sequential(
            (0): Conv1d(128, 128, kernel_size=(1,), stride=(1,))
            (1): InstanceNorm1d(128, eps=1e-05, momentum=0.1, affine=False, track_running_stats=False)
            (2): SiLU()
            (3): Conv1d(128, 128, kernel_size=(5,), stride=(1,), padding=(2,), groups=128)
            (4): InstanceNorm1d(128, eps=1e-05, momentum=0.1, affine=False, track_running_stats=False)
            (5): SiLU()
            (6): Conv1d(128, 128, kernel_size=(1,), stride=(1,))
          )
        )
        (1): LocalConvBlock1D(
          (block): Sequential(
            (0): Conv1d(128, 128, kernel_size=(1,), stride=(1,))
            (1): InstanceNorm1d(128, eps=1e-05, momentum=0.1, affine=False, track_running_stats=False)
            (2): SiLU()
            (3): Conv1d(128, 128, kernel_size=(7,), stride=(1,), padding=(3,), groups=128)
            (4): InstanceNorm1d(128, eps=1e-05, momentum=0.1, affine=False, track_running_stats=False)
            (5): SiLU()
            (6): Conv1d(128, 128, kernel_size=(1,), stride=(1,))
          )
        )
      )
      (proj): Linear(in_features=384, out_features=128, bias=True)
    )
  )
  (level2): ModuleList(
    (0-1): 2 x LSSBlockTS(
      (global_layers): ModuleList(
        (0-1): 2 x BiMambaBlock(
          (norm): LayerNorm((128,), eps=1e-05, elementwise_affine=True)
          (mamba_fwd): Mamba(
            (in_proj): Linear(in_features=128, out_features=512, bias=False)
            (conv1d): Conv1d(256, 256, kernel_size=(4,), stride=(1,), padding=(3,), groups=256)
            (act): SiLU()
            (x_proj): Linear(in_features=256, out_features=40, bias=False)
            (dt_proj): Linear(in_features=8, out_features=256, bias=True)
            (out_proj): Linear(in_features=256, out_features=128, bias=False)
          )
          (mamba_bwd): Mamba(
            (in_proj): Linear(in_features=128, out_features=512, bias=False)
            (conv1d): Conv1d(256, 256, kernel_size=(4,), stride=(1,), padding=(3,), groups=256)
            (act): SiLU()
            (x_proj): Linear(in_features=256, out_features=40, bias=False)
            (dt_proj): Linear(in_features=8, out_features=256, bias=True)
            (out_proj): Linear(in_features=256, out_features=128, bias=False)
          )
          (ffn): Sequential(
            (0): LayerNorm((128,), eps=1e-05, elementwise_affine=True)
            (1): Linear(in_features=128, out_features=512, bias=True)
            (2): GELU(approximate='none')
            (3): Dropout(p=0.1, inplace=False)
            (4): Linear(in_features=512, out_features=128, bias=True)
          )
          (dropout): Dropout(p=0.1, inplace=False)
        )
      )
      (local_branches): ModuleList(
        (0): LocalConvBlock1D(
          (block): Sequential(
            (0): Conv1d(128, 128, kernel_size=(1,), stride=(1,))
            (1): InstanceNorm1d(128, eps=1e-05, momentum=0.1, affine=False, track_running_stats=False)
            (2): SiLU()
            (3): Conv1d(128, 128, kernel_size=(5,), stride=(1,), padding=(2,), groups=128)
            (4): InstanceNorm1d(128, eps=1e-05, momentum=0.1, affine=False, track_running_stats=False)
            (5): SiLU()
            (6): Conv1d(128, 128, kernel_size=(1,), stride=(1,))
          )
        )
        (1): LocalConvBlock1D(
          (block): Sequential(
            (0): Conv1d(128, 128, kernel_size=(1,), stride=(1,))
            (1): InstanceNorm1d(128, eps=1e-05, momentum=0.1, affine=False, track_running_stats=False)
            (2): SiLU()
            (3): Conv1d(128, 128, kernel_size=(7,), stride=(1,), padding=(3,), groups=128)
            (4): InstanceNorm1d(128, eps=1e-05, momentum=0.1, affine=False, track_running_stats=False)
            (5): SiLU()
            (6): Conv1d(128, 128, kernel_size=(1,), stride=(1,))
          )
        )
      )
      (proj): Linear(in_features=384, out_features=128, bias=True)
    )
  )
  (level3): ModuleList(
    (0-1): 2 x LSSBlockTS(
      (global_layers): ModuleList(
        (0-1): 2 x BiMambaBlock(
          (norm): LayerNorm((128,), eps=1e-05, elementwise_affine=True)
          (mamba_fwd): Mamba(
            (in_proj): Linear(in_features=128, out_features=512, bias=False)
            (conv1d): Conv1d(256, 256, kernel_size=(4,), stride=(1,), padding=(3,), groups=256)
            (act): SiLU()
            (x_proj): Linear(in_features=256, out_features=40, bias=False)
            (dt_proj): Linear(in_features=8, out_features=256, bias=True)
            (out_proj): Linear(in_features=256, out_features=128, bias=False)
          )
          (mamba_bwd): Mamba(
            (in_proj): Linear(in_features=128, out_features=512, bias=False)
            (conv1d): Conv1d(256, 256, kernel_size=(4,), stride=(1,), padding=(3,), groups=256)
            (act): SiLU()
            (x_proj): Linear(in_features=256, out_features=40, bias=False)
            (dt_proj): Linear(in_features=8, out_features=256, bias=True)
            (out_proj): Linear(in_features=256, out_features=128, bias=False)
          )
          (ffn): Sequential(
            (0): LayerNorm((128,), eps=1e-05, elementwise_affine=True)
            (1): Linear(in_features=128, out_features=512, bias=True)
            (2): GELU(approximate='none')
            (3): Dropout(p=0.1, inplace=False)
            (4): Linear(in_features=512, out_features=128, bias=True)
          )
          (dropout): Dropout(p=0.1, inplace=False)
        )
      )
      (local_branches): ModuleList(
        (0): LocalConvBlock1D(
          (block): Sequential(
            (0): Conv1d(128, 128, kernel_size=(1,), stride=(1,))
            (1): InstanceNorm1d(128, eps=1e-05, momentum=0.1, affine=False, track_running_stats=False)
            (2): SiLU()
            (3): Conv1d(128, 128, kernel_size=(5,), stride=(1,), padding=(2,), groups=128)
            (4): InstanceNorm1d(128, eps=1e-05, momentum=0.1, affine=False, track_running_stats=False)
            (5): SiLU()
            (6): Conv1d(128, 128, kernel_size=(1,), stride=(1,))
          )
        )
        (1): LocalConvBlock1D(
          (block): Sequential(
            (0): Conv1d(128, 128, kernel_size=(1,), stride=(1,))
            (1): InstanceNorm1d(128, eps=1e-05, momentum=0.1, affine=False, track_running_stats=False)
            (2): SiLU()
            (3): Conv1d(128, 128, kernel_size=(7,), stride=(1,), padding=(3,), groups=128)
            (4): InstanceNorm1d(128, eps=1e-05, momentum=0.1, affine=False, track_running_stats=False)
            (5): SiLU()
            (6): Conv1d(128, 128, kernel_size=(1,), stride=(1,))
          )
        )
      )
      (proj): Linear(in_features=384, out_features=128, bias=True)
    )
  )
  (decoder): Linear(in_features=128, out_features=38, bias=True)
)
[2025-12-02 19:38:18,558] [INFO] ========== Epoch 1/50 ==========
[2025-12-02 19:51:12,211] [INFO] 本 epoch 平均训练损失: 0.467202
[2025-12-02 19:54:35,219] [INFO] [Eval] F1=0.4945, P=0.3433, R=0.8838, AUC=0.7423, thr=11.427491, point_adjust=True
[2025-12-02 19:54:35,278] [INFO] 发现更优模型，已保存至 ./logs/smd_all/best_model.pt
[2025-12-02 19:54:35,543] [INFO] 已保存可视化图：./logs/smd_all/scores_epoch1.png
[2025-12-02 19:54:35,543] [INFO] ========== Epoch 2/50 ==========
[2025-12-02 20:07:30,842] [INFO] 本 epoch 平均训练损失: 0.388294
[2025-12-02 20:10:54,589] [INFO] [Eval] F1=0.4821, P=0.3297, R=0.8962, AUC=0.7393, thr=7.231833, point_adjust=True
[2025-12-02 20:10:54,849] [INFO] 已保存可视化图：./logs/smd_all/scores_epoch2.png
[2025-12-02 20:10:54,849] [INFO] ========== Epoch 3/50 ==========
[2025-12-02 20:23:50,438] [INFO] 本 epoch 平均训练损失: 0.358720
[2025-12-02 20:27:16,531] [INFO] [Eval] F1=0.4898, P=0.3388, R=0.8838, AUC=0.7441, thr=9.848228, point_adjust=True
[2025-12-02 20:27:16,792] [INFO] 已保存可视化图：./logs/smd_all/scores_epoch3.png
[2025-12-02 20:27:16,792] [INFO] ========== Epoch 4/50 ==========
