[2025-12-04 15:07:26,476] [INFO] 日志已写入：./logs/msl/MambaTSAD_20251204_150726.log
[2025-12-04 15:07:26,478] [INFO] 参数配置：Namespace(dataset='msl', processed_root='./dataset/MSL', log_dir='./logs/msl', win_size=100, train_stride=1, test_stride=5, batch_size=64, epochs=50, lr=5e-05, weight_decay=0.005, seed=42, no_amp=True, max_grad_norm=1.0, patience=8, no_point_adjust=False)
[2025-12-04 15:07:26,567] [INFO] MSL 多通道数据集构建完成：entities=['C-1', 'C-2', 'D-14', 'D-15', 'D-16', 'F-4', 'F-5', 'F-7', 'F-8', 'M-1', 'M-2', 'M-3', 'M-4', 'M-5', 'M-6', 'M-7', 'P-10', 'P-11', 'P-14', 'P-15', 'S-2', 'T-12', 'T-13', 'T-4', 'T-5', 'T-8', 'T-9'], input_dim=55, len(train)=55644, len(test)=14223
[2025-12-04 15:07:28,684] [INFO] 模型结构：
MambaTSAD(
  (encoder): Linear(in_features=55, out_features=256, bias=True)
  (level1): ModuleList(
    (0-1): 2 x LSSBlockTS(
      (global_layers): ModuleList(
        (0-1): 2 x BiMambaBlock(
          (norm): LayerNorm((256,), eps=1e-05, elementwise_affine=True)
          (mamba_fwd): Mamba(
            (in_proj): Linear(in_features=256, out_features=1024, bias=False)
            (conv1d): Conv1d(512, 512, kernel_size=(4,), stride=(1,), padding=(3,), groups=512)
            (act): SiLU()
            (x_proj): Linear(in_features=512, out_features=48, bias=False)
            (dt_proj): Linear(in_features=16, out_features=512, bias=True)
            (out_proj): Linear(in_features=512, out_features=256, bias=False)
          )
          (mamba_bwd): Mamba(
            (in_proj): Linear(in_features=256, out_features=1024, bias=False)
            (conv1d): Conv1d(512, 512, kernel_size=(4,), stride=(1,), padding=(3,), groups=512)
            (act): SiLU()
            (x_proj): Linear(in_features=512, out_features=48, bias=False)
            (dt_proj): Linear(in_features=16, out_features=512, bias=True)
            (out_proj): Linear(in_features=512, out_features=256, bias=False)
          )
          (ffn): Sequential(
            (0): LayerNorm((256,), eps=1e-05, elementwise_affine=True)
            (1): Linear(in_features=256, out_features=1024, bias=True)
            (2): GELU(approximate='none')
            (3): Dropout(p=0.1, inplace=False)
            (4): Linear(in_features=1024, out_features=256, bias=True)
          )
          (dropout): Dropout(p=0.1, inplace=False)
        )
      )
      (local_branches): ModuleList(
        (0): LocalConvBlock1D(
          (block): Sequential(
            (0): Conv1d(256, 256, kernel_size=(1,), stride=(1,))
            (1): InstanceNorm1d(256, eps=1e-05, momentum=0.1, affine=False, track_running_stats=False)
            (2): SiLU()
            (3): Conv1d(256, 256, kernel_size=(5,), stride=(1,), padding=(2,), groups=256)
            (4): InstanceNorm1d(256, eps=1e-05, momentum=0.1, affine=False, track_running_stats=False)
            (5): SiLU()
            (6): Conv1d(256, 256, kernel_size=(1,), stride=(1,))
          )
        )
        (1): LocalConvBlock1D(
          (block): Sequential(
            (0): Conv1d(256, 256, kernel_size=(1,), stride=(1,))
            (1): InstanceNorm1d(256, eps=1e-05, momentum=0.1, affine=False, track_running_stats=False)
            (2): SiLU()
            (3): Conv1d(256, 256, kernel_size=(7,), stride=(1,), padding=(3,), groups=256)
            (4): InstanceNorm1d(256, eps=1e-05, momentum=0.1, affine=False, track_running_stats=False)
            (5): SiLU()
            (6): Conv1d(256, 256, kernel_size=(1,), stride=(1,))
          )
        )
      )
      (proj): Linear(in_features=768, out_features=256, bias=True)
    )
  )
  (level2): ModuleList(
    (0-1): 2 x LSSBlockTS(
      (global_layers): ModuleList(
        (0-1): 2 x BiMambaBlock(
          (norm): LayerNorm((256,), eps=1e-05, elementwise_affine=True)
          (mamba_fwd): Mamba(
            (in_proj): Linear(in_features=256, out_features=1024, bias=False)
            (conv1d): Conv1d(512, 512, kernel_size=(4,), stride=(1,), padding=(3,), groups=512)
            (act): SiLU()
            (x_proj): Linear(in_features=512, out_features=48, bias=False)
            (dt_proj): Linear(in_features=16, out_features=512, bias=True)
            (out_proj): Linear(in_features=512, out_features=256, bias=False)
          )
          (mamba_bwd): Mamba(
            (in_proj): Linear(in_features=256, out_features=1024, bias=False)
            (conv1d): Conv1d(512, 512, kernel_size=(4,), stride=(1,), padding=(3,), groups=512)
            (act): SiLU()
            (x_proj): Linear(in_features=512, out_features=48, bias=False)
            (dt_proj): Linear(in_features=16, out_features=512, bias=True)
            (out_proj): Linear(in_features=512, out_features=256, bias=False)
          )
          (ffn): Sequential(
            (0): LayerNorm((256,), eps=1e-05, elementwise_affine=True)
            (1): Linear(in_features=256, out_features=1024, bias=True)
            (2): GELU(approximate='none')
            (3): Dropout(p=0.1, inplace=False)
            (4): Linear(in_features=1024, out_features=256, bias=True)
          )
          (dropout): Dropout(p=0.1, inplace=False)
        )
      )
      (local_branches): ModuleList(
        (0): LocalConvBlock1D(
          (block): Sequential(
            (0): Conv1d(256, 256, kernel_size=(1,), stride=(1,))
            (1): InstanceNorm1d(256, eps=1e-05, momentum=0.1, affine=False, track_running_stats=False)
            (2): SiLU()
            (3): Conv1d(256, 256, kernel_size=(5,), stride=(1,), padding=(2,), groups=256)
            (4): InstanceNorm1d(256, eps=1e-05, momentum=0.1, affine=False, track_running_stats=False)
            (5): SiLU()
            (6): Conv1d(256, 256, kernel_size=(1,), stride=(1,))
          )
        )
        (1): LocalConvBlock1D(
          (block): Sequential(
            (0): Conv1d(256, 256, kernel_size=(1,), stride=(1,))
            (1): InstanceNorm1d(256, eps=1e-05, momentum=0.1, affine=False, track_running_stats=False)
            (2): SiLU()
            (3): Conv1d(256, 256, kernel_size=(7,), stride=(1,), padding=(3,), groups=256)
            (4): InstanceNorm1d(256, eps=1e-05, momentum=0.1, affine=False, track_running_stats=False)
            (5): SiLU()
            (6): Conv1d(256, 256, kernel_size=(1,), stride=(1,))
          )
        )
      )
      (proj): Linear(in_features=768, out_features=256, bias=True)
    )
  )
  (level3): ModuleList(
    (0-1): 2 x LSSBlockTS(
      (global_layers): ModuleList(
        (0-1): 2 x BiMambaBlock(
          (norm): LayerNorm((256,), eps=1e-05, elementwise_affine=True)
          (mamba_fwd): Mamba(
            (in_proj): Linear(in_features=256, out_features=1024, bias=False)
            (conv1d): Conv1d(512, 512, kernel_size=(4,), stride=(1,), padding=(3,), groups=512)
            (act): SiLU()
            (x_proj): Linear(in_features=512, out_features=48, bias=False)
            (dt_proj): Linear(in_features=16, out_features=512, bias=True)
            (out_proj): Linear(in_features=512, out_features=256, bias=False)
          )
          (mamba_bwd): Mamba(
            (in_proj): Linear(in_features=256, out_features=1024, bias=False)
            (conv1d): Conv1d(512, 512, kernel_size=(4,), stride=(1,), padding=(3,), groups=512)
            (act): SiLU()
            (x_proj): Linear(in_features=512, out_features=48, bias=False)
            (dt_proj): Linear(in_features=16, out_features=512, bias=True)
            (out_proj): Linear(in_features=512, out_features=256, bias=False)
          )
          (ffn): Sequential(
            (0): LayerNorm((256,), eps=1e-05, elementwise_affine=True)
            (1): Linear(in_features=256, out_features=1024, bias=True)
            (2): GELU(approximate='none')
            (3): Dropout(p=0.1, inplace=False)
            (4): Linear(in_features=1024, out_features=256, bias=True)
          )
          (dropout): Dropout(p=0.1, inplace=False)
        )
      )
      (local_branches): ModuleList(
        (0): LocalConvBlock1D(
          (block): Sequential(
            (0): Conv1d(256, 256, kernel_size=(1,), stride=(1,))
            (1): InstanceNorm1d(256, eps=1e-05, momentum=0.1, affine=False, track_running_stats=False)
            (2): SiLU()
            (3): Conv1d(256, 256, kernel_size=(5,), stride=(1,), padding=(2,), groups=256)
            (4): InstanceNorm1d(256, eps=1e-05, momentum=0.1, affine=False, track_running_stats=False)
            (5): SiLU()
            (6): Conv1d(256, 256, kernel_size=(1,), stride=(1,))
          )
        )
        (1): LocalConvBlock1D(
          (block): Sequential(
            (0): Conv1d(256, 256, kernel_size=(1,), stride=(1,))
            (1): InstanceNorm1d(256, eps=1e-05, momentum=0.1, affine=False, track_running_stats=False)
            (2): SiLU()
            (3): Conv1d(256, 256, kernel_size=(7,), stride=(1,), padding=(3,), groups=256)
            (4): InstanceNorm1d(256, eps=1e-05, momentum=0.1, affine=False, track_running_stats=False)
            (5): SiLU()
            (6): Conv1d(256, 256, kernel_size=(1,), stride=(1,))
          )
        )
      )
      (proj): Linear(in_features=768, out_features=256, bias=True)
    )
  )
  (decoder): Linear(in_features=256, out_features=55, bias=True)
)
[2025-12-04 15:07:28,686] [INFO] ========== Epoch 1/50 ==========
[2025-12-04 15:08:52,087] [INFO] 本 epoch 平均训练损失: 0.848731
[2025-12-04 15:09:21,767] [INFO] [Eval] F1=0.8707, P=0.8878, R=0.8542, AUC=0.5419, thr=1.885448, point_adjust=True
[2025-12-04 15:09:22,060] [INFO] 发现更优模型，已保存至 ./logs/msl/best_model.pt
[2025-12-04 15:09:22,327] [INFO] 已保存可视化图：./logs/msl/scores_epoch1.png
[2025-12-04 15:09:22,327] [INFO] ========== Epoch 2/50 ==========
[2025-12-04 15:10:45,088] [INFO] 本 epoch 平均训练损失: 0.706539
[2025-12-04 15:11:14,722] [INFO] [Eval] F1=0.8726, P=0.8917, R=0.8542, AUC=0.5431, thr=1.956045, point_adjust=True
[2025-12-04 15:11:15,005] [INFO] 发现更优模型，已保存至 ./logs/msl/best_model.pt
[2025-12-04 15:11:15,281] [INFO] 已保存可视化图：./logs/msl/scores_epoch2.png
[2025-12-04 15:11:15,281] [INFO] ========== Epoch 3/50 ==========
[2025-12-04 15:12:40,990] [INFO] 本 epoch 平均训练损失: 0.698149
[2025-12-04 15:13:10,677] [INFO] [Eval] F1=0.8726, P=0.8918, R=0.8542, AUC=0.5453, thr=1.946731, point_adjust=True
[2025-12-04 15:13:10,930] [INFO] 已保存可视化图：./logs/msl/scores_epoch3.png
[2025-12-04 15:13:10,930] [INFO] ========== Epoch 4/50 ==========
[2025-12-04 15:14:34,202] [INFO] 本 epoch 平均训练损失: 0.693760
[2025-12-04 15:15:03,760] [INFO] [Eval] F1=0.8712, P=0.8986, R=0.8454, AUC=0.5467, thr=2.087049, point_adjust=True
[2025-12-04 15:15:04,012] [INFO] 已保存可视化图：./logs/msl/scores_epoch4.png
[2025-12-04 15:15:04,012] [INFO] ========== Epoch 5/50 ==========
[2025-12-04 15:16:27,302] [INFO] 本 epoch 平均训练损失: 0.691049
[2025-12-04 15:16:56,654] [INFO] [Eval] F1=0.8712, P=0.8987, R=0.8454, AUC=0.5476, thr=2.089560, point_adjust=True
[2025-12-04 15:16:56,904] [INFO] 已保存可视化图：./logs/msl/scores_epoch5.png
[2025-12-04 15:16:56,904] [INFO] ========== Epoch 6/50 ==========
[2025-12-04 15:18:20,172] [INFO] 本 epoch 平均训练损失: 0.688921
[2025-12-04 15:18:49,933] [INFO] [Eval] F1=0.8712, P=0.8987, R=0.8454, AUC=0.5484, thr=2.079939, point_adjust=True
[2025-12-04 15:18:50,185] [INFO] 已保存可视化图：./logs/msl/scores_epoch6.png
[2025-12-04 15:18:50,185] [INFO] ========== Epoch 7/50 ==========
[2025-12-04 15:20:12,992] [INFO] 本 epoch 平均训练损失: 0.687094
[2025-12-04 15:20:42,799] [INFO] [Eval] F1=0.8711, P=0.8985, R=0.8454, AUC=0.5490, thr=2.082742, point_adjust=True
[2025-12-04 15:20:43,051] [INFO] 已保存可视化图：./logs/msl/scores_epoch7.png
[2025-12-04 15:20:43,051] [INFO] ========== Epoch 8/50 ==========
[2025-12-04 15:22:06,133] [INFO] 本 epoch 平均训练损失: 0.685632
[2025-12-04 15:22:36,054] [INFO] [Eval] F1=0.8695, P=0.8950, R=0.8454, AUC=0.5501, thr=2.004750, point_adjust=True
[2025-12-04 15:22:36,305] [INFO] 已保存可视化图：./logs/msl/scores_epoch8.png
[2025-12-04 15:22:36,306] [INFO] ========== Epoch 9/50 ==========
[2025-12-04 15:23:59,564] [INFO] 本 epoch 平均训练损失: 0.684489
[2025-12-04 15:24:29,498] [INFO] [Eval] F1=0.8710, P=0.8884, R=0.8542, AUC=0.5498, thr=1.886962, point_adjust=True
[2025-12-04 15:24:29,748] [INFO] 已保存可视化图：./logs/msl/scores_epoch9.png
[2025-12-04 15:24:29,748] [INFO] ========== Epoch 10/50 ==========
[2025-12-04 15:25:53,410] [INFO] 本 epoch 平均训练损失: 0.683671
[2025-12-04 15:26:23,367] [INFO] [Eval] F1=0.8694, P=0.8948, R=0.8454, AUC=0.5502, thr=1.993412, point_adjust=True
[2025-12-04 15:26:23,367] [INFO] 早停触发：连续 8 个 epoch F1 未提升，在第 10 个 epoch 停止训练。
[2025-12-04 15:26:23,368] [INFO] 训练结束，最佳 F1=0.8726, 最佳指标={'precision': 0.8916666666654682, 'recall': 0.8542364151418308, 'f1': 0.8725503040896684, 'auc': 0.543094379590172, 'threshold': 1.9560451567173005, 'use_point_adjust': True}
