[2025-12-04 11:54:02,326] [INFO] 日志已写入：./logs/msl/MambaTSAD_20251204_115402.log
[2025-12-04 11:54:02,327] [INFO] 参数配置：Namespace(dataset='msl', processed_root='./dataset/MSL', log_dir='./logs/msl', win_size=100, train_stride=2, test_stride=5, batch_size=64, epochs=50, lr=0.0001, weight_decay=0.005, seed=42, no_amp=True, max_grad_norm=1.0, patience=8, no_point_adjust=False)
[2025-12-04 11:54:02,413] [INFO] MSL 多通道数据集构建完成：entities=['C-1', 'C-2', 'D-14', 'D-15', 'D-16', 'F-4', 'F-5', 'F-7', 'F-8', 'M-1', 'M-2', 'M-3', 'M-4', 'M-5', 'M-6', 'M-7', 'P-10', 'P-11', 'P-14', 'P-15', 'S-2', 'T-12', 'T-13', 'T-4', 'T-5', 'T-8', 'T-9'], input_dim=55, len(train)=27830, len(test)=14223
[2025-12-04 11:54:04,139] [INFO] 模型结构：
MambaTSAD(
  (encoder): Linear(in_features=55, out_features=256, bias=True)
  (level1): ModuleList(
    (0-1): 2 x LSSBlockTS(
      (global_layers): ModuleList(
        (0-1): 2 x BiMambaBlock(
          (norm): LayerNorm((256,), eps=1e-05, elementwise_affine=True)
          (mamba_fwd): Mamba(
            (in_proj): Linear(in_features=256, out_features=1024, bias=False)
            (conv1d): Conv1d(512, 512, kernel_size=(4,), stride=(1,), padding=(3,), groups=512)
            (act): SiLU()
            (x_proj): Linear(in_features=512, out_features=48, bias=False)
            (dt_proj): Linear(in_features=16, out_features=512, bias=True)
            (out_proj): Linear(in_features=512, out_features=256, bias=False)
          )
          (mamba_bwd): Mamba(
            (in_proj): Linear(in_features=256, out_features=1024, bias=False)
            (conv1d): Conv1d(512, 512, kernel_size=(4,), stride=(1,), padding=(3,), groups=512)
            (act): SiLU()
            (x_proj): Linear(in_features=512, out_features=48, bias=False)
            (dt_proj): Linear(in_features=16, out_features=512, bias=True)
            (out_proj): Linear(in_features=512, out_features=256, bias=False)
          )
          (ffn): Sequential(
            (0): LayerNorm((256,), eps=1e-05, elementwise_affine=True)
            (1): Linear(in_features=256, out_features=1024, bias=True)
            (2): GELU(approximate='none')
            (3): Dropout(p=0.1, inplace=False)
            (4): Linear(in_features=1024, out_features=256, bias=True)
          )
          (dropout): Dropout(p=0.1, inplace=False)
        )
      )
      (local_branches): ModuleList(
        (0): LocalConvBlock1D(
          (block): Sequential(
            (0): Conv1d(256, 256, kernel_size=(1,), stride=(1,))
            (1): InstanceNorm1d(256, eps=1e-05, momentum=0.1, affine=False, track_running_stats=False)
            (2): SiLU()
            (3): Conv1d(256, 256, kernel_size=(5,), stride=(1,), padding=(2,), groups=256)
            (4): InstanceNorm1d(256, eps=1e-05, momentum=0.1, affine=False, track_running_stats=False)
            (5): SiLU()
            (6): Conv1d(256, 256, kernel_size=(1,), stride=(1,))
          )
        )
        (1): LocalConvBlock1D(
          (block): Sequential(
            (0): Conv1d(256, 256, kernel_size=(1,), stride=(1,))
            (1): InstanceNorm1d(256, eps=1e-05, momentum=0.1, affine=False, track_running_stats=False)
            (2): SiLU()
            (3): Conv1d(256, 256, kernel_size=(7,), stride=(1,), padding=(3,), groups=256)
            (4): InstanceNorm1d(256, eps=1e-05, momentum=0.1, affine=False, track_running_stats=False)
            (5): SiLU()
            (6): Conv1d(256, 256, kernel_size=(1,), stride=(1,))
          )
        )
      )
      (proj): Linear(in_features=768, out_features=256, bias=True)
    )
  )
  (level2): ModuleList(
    (0-1): 2 x LSSBlockTS(
      (global_layers): ModuleList(
        (0-1): 2 x BiMambaBlock(
          (norm): LayerNorm((256,), eps=1e-05, elementwise_affine=True)
          (mamba_fwd): Mamba(
            (in_proj): Linear(in_features=256, out_features=1024, bias=False)
            (conv1d): Conv1d(512, 512, kernel_size=(4,), stride=(1,), padding=(3,), groups=512)
            (act): SiLU()
            (x_proj): Linear(in_features=512, out_features=48, bias=False)
            (dt_proj): Linear(in_features=16, out_features=512, bias=True)
            (out_proj): Linear(in_features=512, out_features=256, bias=False)
          )
          (mamba_bwd): Mamba(
            (in_proj): Linear(in_features=256, out_features=1024, bias=False)
            (conv1d): Conv1d(512, 512, kernel_size=(4,), stride=(1,), padding=(3,), groups=512)
            (act): SiLU()
            (x_proj): Linear(in_features=512, out_features=48, bias=False)
            (dt_proj): Linear(in_features=16, out_features=512, bias=True)
            (out_proj): Linear(in_features=512, out_features=256, bias=False)
          )
          (ffn): Sequential(
            (0): LayerNorm((256,), eps=1e-05, elementwise_affine=True)
            (1): Linear(in_features=256, out_features=1024, bias=True)
            (2): GELU(approximate='none')
            (3): Dropout(p=0.1, inplace=False)
            (4): Linear(in_features=1024, out_features=256, bias=True)
          )
          (dropout): Dropout(p=0.1, inplace=False)
        )
      )
      (local_branches): ModuleList(
        (0): LocalConvBlock1D(
          (block): Sequential(
            (0): Conv1d(256, 256, kernel_size=(1,), stride=(1,))
            (1): InstanceNorm1d(256, eps=1e-05, momentum=0.1, affine=False, track_running_stats=False)
            (2): SiLU()
            (3): Conv1d(256, 256, kernel_size=(5,), stride=(1,), padding=(2,), groups=256)
            (4): InstanceNorm1d(256, eps=1e-05, momentum=0.1, affine=False, track_running_stats=False)
            (5): SiLU()
            (6): Conv1d(256, 256, kernel_size=(1,), stride=(1,))
          )
        )
        (1): LocalConvBlock1D(
          (block): Sequential(
            (0): Conv1d(256, 256, kernel_size=(1,), stride=(1,))
            (1): InstanceNorm1d(256, eps=1e-05, momentum=0.1, affine=False, track_running_stats=False)
            (2): SiLU()
            (3): Conv1d(256, 256, kernel_size=(7,), stride=(1,), padding=(3,), groups=256)
            (4): InstanceNorm1d(256, eps=1e-05, momentum=0.1, affine=False, track_running_stats=False)
            (5): SiLU()
            (6): Conv1d(256, 256, kernel_size=(1,), stride=(1,))
          )
        )
      )
      (proj): Linear(in_features=768, out_features=256, bias=True)
    )
  )
  (level3): ModuleList(
    (0-1): 2 x LSSBlockTS(
      (global_layers): ModuleList(
        (0-1): 2 x BiMambaBlock(
          (norm): LayerNorm((256,), eps=1e-05, elementwise_affine=True)
          (mamba_fwd): Mamba(
            (in_proj): Linear(in_features=256, out_features=1024, bias=False)
            (conv1d): Conv1d(512, 512, kernel_size=(4,), stride=(1,), padding=(3,), groups=512)
            (act): SiLU()
            (x_proj): Linear(in_features=512, out_features=48, bias=False)
            (dt_proj): Linear(in_features=16, out_features=512, bias=True)
            (out_proj): Linear(in_features=512, out_features=256, bias=False)
          )
          (mamba_bwd): Mamba(
            (in_proj): Linear(in_features=256, out_features=1024, bias=False)
            (conv1d): Conv1d(512, 512, kernel_size=(4,), stride=(1,), padding=(3,), groups=512)
            (act): SiLU()
            (x_proj): Linear(in_features=512, out_features=48, bias=False)
            (dt_proj): Linear(in_features=16, out_features=512, bias=True)
            (out_proj): Linear(in_features=512, out_features=256, bias=False)
          )
          (ffn): Sequential(
            (0): LayerNorm((256,), eps=1e-05, elementwise_affine=True)
            (1): Linear(in_features=256, out_features=1024, bias=True)
            (2): GELU(approximate='none')
            (3): Dropout(p=0.1, inplace=False)
            (4): Linear(in_features=1024, out_features=256, bias=True)
          )
          (dropout): Dropout(p=0.1, inplace=False)
        )
      )
      (local_branches): ModuleList(
        (0): LocalConvBlock1D(
          (block): Sequential(
            (0): Conv1d(256, 256, kernel_size=(1,), stride=(1,))
            (1): InstanceNorm1d(256, eps=1e-05, momentum=0.1, affine=False, track_running_stats=False)
            (2): SiLU()
            (3): Conv1d(256, 256, kernel_size=(5,), stride=(1,), padding=(2,), groups=256)
            (4): InstanceNorm1d(256, eps=1e-05, momentum=0.1, affine=False, track_running_stats=False)
            (5): SiLU()
            (6): Conv1d(256, 256, kernel_size=(1,), stride=(1,))
          )
        )
        (1): LocalConvBlock1D(
          (block): Sequential(
            (0): Conv1d(256, 256, kernel_size=(1,), stride=(1,))
            (1): InstanceNorm1d(256, eps=1e-05, momentum=0.1, affine=False, track_running_stats=False)
            (2): SiLU()
            (3): Conv1d(256, 256, kernel_size=(7,), stride=(1,), padding=(3,), groups=256)
            (4): InstanceNorm1d(256, eps=1e-05, momentum=0.1, affine=False, track_running_stats=False)
            (5): SiLU()
            (6): Conv1d(256, 256, kernel_size=(1,), stride=(1,))
          )
        )
      )
      (proj): Linear(in_features=768, out_features=256, bias=True)
    )
  )
  (decoder): Linear(in_features=256, out_features=55, bias=True)
)
[2025-12-04 11:54:04,141] [INFO] ========== Epoch 1/50 ==========
[2025-12-04 11:54:47,514] [INFO] 本 epoch 平均训练损失: 0.854709
[2025-12-04 11:55:17,408] [INFO] [Eval] F1=0.8691, P=0.8844, R=0.8542, AUC=0.5411, thr=1.587590, point_adjust=True
[2025-12-04 11:55:17,691] [INFO] 发现更优模型，已保存至 ./logs/msl/best_model.pt
[2025-12-04 11:55:17,956] [INFO] 已保存可视化图：./logs/msl/scores_epoch1.png
[2025-12-04 11:55:17,956] [INFO] ========== Epoch 2/50 ==========
[2025-12-04 11:55:59,556] [INFO] 本 epoch 平均训练损失: 0.700419
[2025-12-04 11:56:29,303] [INFO] [Eval] F1=0.8727, P=0.8919, R=0.8542, AUC=0.5422, thr=1.984760, point_adjust=True
[2025-12-04 11:56:29,578] [INFO] 发现更优模型，已保存至 ./logs/msl/best_model.pt
[2025-12-04 11:56:29,831] [INFO] 已保存可视化图：./logs/msl/scores_epoch2.png
[2025-12-04 11:56:29,832] [INFO] ========== Epoch 3/50 ==========
[2025-12-04 11:57:11,405] [INFO] 本 epoch 平均训练损失: 0.690575
[2025-12-04 11:57:41,496] [INFO] [Eval] F1=0.8727, P=0.8919, R=0.8542, AUC=0.5444, thr=1.928912, point_adjust=True
[2025-12-04 11:57:41,751] [INFO] 已保存可视化图：./logs/msl/scores_epoch3.png
[2025-12-04 11:57:41,752] [INFO] ========== Epoch 4/50 ==========
[2025-12-04 11:58:23,981] [INFO] 本 epoch 平均训练损失: 0.686204
[2025-12-04 11:58:53,874] [INFO] [Eval] F1=0.8727, P=0.8920, R=0.8542, AUC=0.5458, thr=1.899291, point_adjust=True
[2025-12-04 11:58:54,123] [INFO] 已保存可视化图：./logs/msl/scores_epoch4.png
[2025-12-04 11:58:54,123] [INFO] ========== Epoch 5/50 ==========
[2025-12-04 11:59:35,962] [INFO] 本 epoch 平均训练损失: 0.682171
[2025-12-04 12:00:05,975] [INFO] [Eval] F1=0.8711, P=0.8985, R=0.8454, AUC=0.5470, thr=2.095967, point_adjust=True
[2025-12-04 12:00:06,226] [INFO] 已保存可视化图：./logs/msl/scores_epoch5.png
[2025-12-04 12:00:06,227] [INFO] ========== Epoch 6/50 ==========
[2025-12-04 12:00:47,556] [INFO] 本 epoch 平均训练损失: 0.681368
[2025-12-04 12:01:17,605] [INFO] [Eval] F1=0.8711, P=0.8985, R=0.8454, AUC=0.5489, thr=2.109504, point_adjust=True
[2025-12-04 12:01:17,857] [INFO] 已保存可视化图：./logs/msl/scores_epoch6.png
[2025-12-04 12:01:17,858] [INFO] ========== Epoch 7/50 ==========
[2025-12-04 12:02:00,222] [INFO] 本 epoch 平均训练损失: 0.679600
[2025-12-04 12:02:29,874] [INFO] [Eval] F1=0.8711, P=0.8985, R=0.8454, AUC=0.5494, thr=2.120296, point_adjust=True
[2025-12-04 12:02:30,125] [INFO] 已保存可视化图：./logs/msl/scores_epoch7.png
[2025-12-04 12:02:30,125] [INFO] ========== Epoch 8/50 ==========
[2025-12-04 12:03:11,385] [INFO] 本 epoch 平均训练损失: 0.679142
[2025-12-04 12:03:40,585] [INFO] [Eval] F1=0.8712, P=0.8986, R=0.8454, AUC=0.5495, thr=2.099410, point_adjust=True
[2025-12-04 12:03:40,837] [INFO] 已保存可视化图：./logs/msl/scores_epoch8.png
[2025-12-04 12:03:40,837] [INFO] ========== Epoch 9/50 ==========
[2025-12-04 12:04:22,347] [INFO] 本 epoch 平均训练损失: 0.677506
[2025-12-04 12:04:51,663] [INFO] [Eval] F1=0.8712, P=0.8987, R=0.8454, AUC=0.5496, thr=2.097369, point_adjust=True
[2025-12-04 12:04:51,916] [INFO] 已保存可视化图：./logs/msl/scores_epoch9.png
[2025-12-04 12:04:51,916] [INFO] ========== Epoch 10/50 ==========
[2025-12-04 12:05:33,162] [INFO] 本 epoch 平均训练损失: 0.677061
[2025-12-04 12:06:02,884] [INFO] [Eval] F1=0.8708, P=0.8881, R=0.8542, AUC=0.5503, thr=1.863032, point_adjust=True
[2025-12-04 12:06:02,885] [INFO] 早停触发：连续 8 个 epoch F1 未提升，在第 10 个 epoch 停止训练。
[2025-12-04 12:06:02,885] [INFO] 训练结束，最佳 F1=0.8727, 最佳指标={'precision': 0.8919064264575264, 'recall': 0.8542364151418308, 'f1': 0.8726650831358805, 'auc': 0.5421887395656363, 'threshold': 1.9847602665424346, 'use_point_adjust': True}
